build/app/intermediates/proguard-rules/release/aapt_rules.txt
# Referenced at merged_manifests\release\AndroidManifest.xml:53
-keep class androidx.core.app.CoreComponentFactory { <init>(); }
# Referenced at merged_manifests\release\AndroidManifest.xml:125
-keep class com.hangtian.hongtu.TestActivity { <init>(); }
# Referenced at merged_manifests\release\AndroidManifest.xml:121
-keep class com.hangtian.hongtu.huatuoscan.ScanService { <init>(); }
# Referenced at merged_manifests\release\AndroidManifest.xml:130
-keep class com.hangtian.hongtu.service.KeepLifeService { <init>(); }
# Referenced at merged_manifests\release\AndroidManifest.xml:53
-keep class com.hangtian.hongtu.ydsd.AppApplication { <init>(); }
# Referenced at merged_manifests\release\AndroidManifest.xml:74
-keep class com.hangtian.hongtu.ydsd.MainActivity { <init>(); }
# Referenced at merged_manifests\release\AndroidManifest.xml:135
-keep class io.flutter.plugins.urllauncher.WebViewActivity { <init>(); }