build/app/outputs/mapping/debug/mapping.txt
# compiler: R8
# compiler_version: 1.5.69
# min_api: 16
# pg_map_id: e012e58
com.hangtian.hongtu.ydsd.AppApplication -> com.hangtian.hongtu.ydsd.AppApplication:
    13:13:void <init>() -> <init>
    41:50:void initUMConfig() -> a
    19:21:void attachBaseContext(android.content.Context) -> attachBaseContext
    25:28:void onCreate() -> onCreate
    32:33:void onLowMemory() -> onLowMemory
    37:38:void onTerminate() -> onTerminate
com.hangtian.hongtu.ydsd.MainActivity -> com.hangtian.hongtu.ydsd.MainActivity:
    com.hangtian.hongtu.ydsd.MainActivity$CIDRecive mCidReceiver -> f
    com.hangtian.hongtu.KeyReceiver mKeyReceiver -> j
    java.util.concurrent.BlockingQueue mBlockQueue -> i
    io.flutter.plugin.common.EventChannel eventChannel -> d
    io.flutter.plugin.common.EventChannel$EventSink eventSink -> e
    com.hangtian.hongtu.ydsd.MainActivity$ScreenReceiver mScreenReceiver -> g
    io.flutter.plugin.common.MethodChannel appMethodChannel -> c
    android.app.ProgressDialog mProgressDialog -> k
    android.os.Handler mHandler -> h
    61:89:void <init>() -> <init>
    369:378:void checkPermission() -> A
    185:196:void initHuaTuoDevice() -> B
    554:556:void registerEventBus() -> C
    535:551:void showDeviceLoading() -> D
    61:61:io.flutter.plugin.common.EventChannel$EventSink access$000(com.hangtian.hongtu.ydsd.MainActivity) -> a
    61:61:io.flutter.plugin.common.EventChannel$EventSink access$002(com.hangtian.hongtu.ydsd.MainActivity,io.flutter.plugin.common.EventChannel$EventSink) -> a
    310:348:void initEventChannel(io.flutter.embedding.engine.dart.DartExecutor) -> a
    351:359:void doUri(android.net.Uri) -> a
    61:61:void access$200(com.hangtian.hongtu.ydsd.MainActivity) -> b
    199:286:void initMethodChannel(io.flutter.embedding.engine.dart.DartExecutor) -> b
    397:409:void onActivityResult(int,int,android.content.Intent) -> onActivityResult
com.hangtian.hongtu.ydsd.MainActivity$1 -> com.hangtian.hongtu.ydsd.MainActivity$a:
    com.hangtian.hongtu.ydsd.MainActivity this$0 -> a
    202:202:void <init>(com.hangtian.hongtu.ydsd.MainActivity) -> <init>
    205:283:void onMethodCall(io.flutter.plugin.common.MethodCall,io.flutter.plugin.common.MethodChannel$Result) -> a
com.hangtian.hongtu.ydsd.MainActivity$1$1 -> com.hangtian.hongtu.ydsd.MainActivity$a$a:
    com.hangtian.hongtu.BNScannerRequest val$req -> a
    io.flutter.plugin.common.MethodChannel$Result val$result -> b
    253:253:void <init>(com.hangtian.hongtu.ydsd.MainActivity$1,com.hangtian.hongtu.BNScannerRequest,io.flutter.plugin.common.MethodChannel$Result) -> <init>
    256:267:void run() -> run
com.hangtian.hongtu.ydsd.MainActivity$1$1$1 -> com.hangtian.hongtu.ydsd.MainActivity$a$a$a:
    com.hangtian.hongtu.ydsd.MainActivity$1$1 this$2 -> b
    java.lang.String val$deviceID -> a
    259:259:void <init>(com.hangtian.hongtu.ydsd.MainActivity$1$1,java.lang.String) -> <init>
    262:263:void run() -> run
com.hangtian.hongtu.ydsd.MainActivity$2 -> com.hangtian.hongtu.ydsd.MainActivity$b:
    com.hangtian.hongtu.ydsd.MainActivity this$0 -> a
    312:312:void <init>(com.hangtian.hongtu.ydsd.MainActivity) -> <init>
    315:340:void onListen(java.lang.Object,io.flutter.plugin.common.EventChannel$EventSink) -> a
    345:345:void onCancel(java.lang.Object) -> a
com.hangtian.hongtu.ydsd.MainActivity$2$1 -> com.hangtian.hongtu.ydsd.MainActivity$b$a:
    com.hangtian.hongtu.ydsd.MainActivity$2 this$1 -> a
    316:316:void <init>(com.hangtian.hongtu.ydsd.MainActivity$2) -> <init>
    319:335:void run() -> run
com.hangtian.hongtu.ydsd.MainActivity$2$1$1 -> com.hangtian.hongtu.ydsd.MainActivity$b$a$a:
    com.hangtian.hongtu.ydsd.MainActivity$2$1 this$2 -> b
    java.lang.String val$uri -> a
    323:323:void <init>(com.hangtian.hongtu.ydsd.MainActivity$2$1,java.lang.String) -> <init>
    326:331:void run() -> run
...
io.flutter.plugin.platform.PlatformPlugin -> c.a.e.e.d:
    io.flutter.embedding.engine.systemchannels.PlatformChannel$SystemChromeStyle currentTheme -> c
    io.flutter.embedding.engine.systemchannels.PlatformChannel$PlatformMessageHandler mPlatformMessageHandler -> e
    int mEnabledOverlays -> d
    android.app.Activity activity -> a
    io.flutter.embedding.engine.systemchannels.PlatformChannel platformChannel -> b
    102:108:void <init>(android.app.Activity,io.flutter.embedding.engine.systemchannels.PlatformChannel) -> <init>
    26:26:void access$000(io.flutter.plugin.platform.PlatformPlugin,io.flutter.embedding.engine.systemchannels.PlatformChannel$SoundType) -> a
    26:26:void access$100(io.flutter.plugin.platform.PlatformPlugin,int) -> a
    26:26:void access$200(io.flutter.plugin.platform.PlatformPlugin,io.flutter.embedding.engine.systemchannels.PlatformChannel$AppSwitcherDescription) -> a
    26:26:void access$300(io.flutter.plugin.platform.PlatformPlugin,java.util.List) -> a
    26:26:void access$400(io.flutter.plugin.platform.PlatformPlugin) -> a
    26:26:void access$500(io.flutter.plugin.platform.PlatformPlugin,io.flutter.embedding.engine.systemchannels.PlatformChannel$SystemChromeStyle) -> a
    26:26:java.lang.CharSequence access$700(io.flutter.plugin.platform.PlatformPlugin,io.flutter.embedding.engine.systemchannels.PlatformChannel$ClipboardContentFormat) -> a
    26:26:void access$800(io.flutter.plugin.platform.PlatformPlugin,java.lang.String) -> a
io.flutter.plugin.platform.PlatformPlugin$1 -> c.a.e.e.d$a:
    io.flutter.plugin.platform.PlatformPlugin this$0 -> a
    38:38:void <init>(io.flutter.plugin.platform.PlatformPlugin) -> <init>
    41:42:void playSystemSound(io.flutter.embedding.engine.systemchannels.PlatformChannel$SoundType) -> a
    47:48:void vibrateHapticFeedback(io.flutter.embedding.engine.systemchannels.PlatformChannel$HapticFeedbackType) -> a
    52:53:void setPreferredOrientations(int) -> a
    58:59:void setApplicationSwitcherDescription(io.flutter.embedding.engine.systemchannels.PlatformChannel$AppSwitcherDescription) -> a
    63:64:void showSystemOverlays(java.util.List) -> a
    74:75:void setSystemUiOverlayStyle(io.flutter.embedding.engine.systemchannels.PlatformChannel$SystemChromeStyle) -> a
    85:85:java.lang.CharSequence getClipboardData(io.flutter.embedding.engine.systemchannels.PlatformChannel$ClipboardContentFormat) -> a
    90:91:void setClipboardData(java.lang.String) -> a
    95:98:boolean clipboardHasStrings() -> a
    79:80:void popSystemNavigator() -> b
    68:69:void restoreSystemUiOverlays() -> c
io.flutter.plugin.platform.PlatformView -> c.a.e.e.e:
io.flutter.plugin.platform.PlatformViewFactory -> c.a.e.e.f:
    io.flutter.plugin.common.MessageCodec createArgsCodec -> a
    14:16:void <init>(io.flutter.plugin.common.MessageCodec) -> <init>
    io.flutter.plugin.platform.PlatformView create(android.content.Context,int,java.lang.Object) -> a
    32:32:io.flutter.plugin.common.MessageCodec getCreateArgsCodec() -> a
io.flutter.plugin.platform.PlatformViewRegistry -> c.a.e.e.g:
io.flutter.plugin.platform.PlatformViewRegistryImpl -> c.a.e.e.h:
    java.util.Map viewFactories -> a
    12:14:void <init>() -> <init>
    21:23:boolean registerViewFactory(java.lang.String,io.flutter.plugin.platform.PlatformViewFactory) -> a
    27:27:io.flutter.plugin.platform.PlatformViewFactory getFactory(java.lang.String) -> a
io.flutter.plugin.platform.PlatformViewsAccessibilityDelegate -> c.a.e.e.i: